2020-12-09 17:12:492 INFO       BankManagerLoginPage :33 - Clicks on Managers Login Button [[ChromeDriver: chrome on WINDOWS (a8985ef2ca81820cd7badf5341cda22b)] -> xpath: //button[contains(text(),'Bank Manager Login')]]
2020-12-09 17:12:754 INFO       AddCustomerPage :35 - Clicks on Add Customer Button [[ChromeDriver: chrome on WINDOWS (a8985ef2ca81820cd7badf5341cda22b)] -> xpath: //div[@class='center']//button[@ng-class='btnClass1']]
2020-12-09 17:12:42 INFO       AddCustomerPage :42 - Click on Add First Name Field [[ChromeDriver: chrome on WINDOWS (a8985ef2ca81820cd7badf5341cda22b)] -> xpath: //div[@class='form-group']//input[@placeholder='First Name']]
2020-12-09 18:12:168 INFO       BankManagerLoginPage :32 - Clicks on Managers Login Button [[ChromeDriver: chrome on WINDOWS (4aab21a3582efdc1a60d83d8fa6de148)] -> xpath: //button[contains(text(),'Bank Manager Login')]]
2020-12-09 18:12:491 INFO       AddCustomerPage :35 - Clicks on Add Customer Button [[ChromeDriver: chrome on WINDOWS (4aab21a3582efdc1a60d83d8fa6de148)] -> xpath: //div[@class='center']//button[@ng-class='btnClass1']]
2020-12-09 18:12:790 INFO       AddCustomerPage :42 - Click on Add First Name Field [[ChromeDriver: chrome on WINDOWS (4aab21a3582efdc1a60d83d8fa6de148)] -> xpath: //div[@class='form-group']//input[@placeholder='First Name']]
2020-12-09 18:12:572 INFO       BankManagerLoginPage :31 - Clicks on Managers Login Button [[ChromeDriver: chrome on WINDOWS (8a08a0daee782440263fea646265702a)] -> xpath: //button[contains(text(),'Bank Manager Login')]]
2020-12-09 18:12:810 INFO       AddCustomerPage :35 - Clicks on Add Customer Button [[ChromeDriver: chrome on WINDOWS (8a08a0daee782440263fea646265702a)] -> xpath: //div[@class='center']//button[@ng-class='btnClass1']]
2020-12-09 18:12:48 INFO       AddCustomerPage :42 - Click on Add First Name Field [[ChromeDriver: chrome on WINDOWS (8a08a0daee782440263fea646265702a)] -> xpath: //div[@class='form-group']//input[@placeholder='First Name']]
2020-12-09 18:12:712 INFO       BankManagerLoginPage :31 - Clicks on Managers Login Button [[ChromeDriver: chrome on WINDOWS (194269e04355201a7f584ce499b88eaf)] -> xpath: //button[contains(text(),'Bank Manager Login')]]
2020-12-09 18:12:953 INFO       AddCustomerPage :35 - Clicks on Add Customer Button [[ChromeDriver: chrome on WINDOWS (194269e04355201a7f584ce499b88eaf)] -> xpath: //div[@class='center']//button[@ng-class='btnClass1']]
2020-12-09 18:12:184 INFO       AddCustomerPage :42 - Click on Add First Name Field [[ChromeDriver: chrome on WINDOWS (194269e04355201a7f584ce499b88eaf)] -> xpath: //div[@class='form-group']//input[@placeholder='First Name']]
2020-12-09 18:12:633 INFO       BankManagerLoginPage :31 - Clicks on Managers Login Button [[ChromeDriver: chrome on WINDOWS (77a89cd45e533a880688fef0b1c4a40b)] -> xpath: //button[contains(text(),'Bank Manager Login')]]
2020-12-09 18:12:883 INFO       AddCustomerPage :35 - Clicks on Add Customer Button [[ChromeDriver: chrome on WINDOWS (77a89cd45e533a880688fef0b1c4a40b)] -> xpath: //div[@class='center']//button[@ng-class='btnClass1']]
2020-12-09 18:12:176 INFO       AddCustomerPage :42 - Click on Add First Name Field [[ChromeDriver: chrome on WINDOWS (77a89cd45e533a880688fef0b1c4a40b)] -> xpath: //div[@class='form-group']//input[@placeholder='First Name']]
2020-12-09 18:12:839 INFO       BankManagerLoginPage :31 - Clicks on Managers Login Button [[ChromeDriver: chrome on WINDOWS (52b4aefc9aedc7f2962618410cb2910a)] -> xpath: //button[contains(text(),'Bank Manager Login')]]
2020-12-09 18:12:58 INFO       AddCustomerPage :35 - Clicks on Add Customer Button [[ChromeDriver: chrome on WINDOWS (52b4aefc9aedc7f2962618410cb2910a)] -> xpath: //div[@class='center']//button[@ng-class='btnClass1']]
2020-12-09 18:12:273 INFO       AddCustomerPage :42 - Click on Add First Name Field [[ChromeDriver: chrome on WINDOWS (52b4aefc9aedc7f2962618410cb2910a)] -> xpath: //div[@class='form-group']//input[@placeholder='First Name']]
2020-12-09 18:12:543 INFO       AddCustomerPage :50 - Sends text to LastName Field [[ChromeDriver: chrome on WINDOWS (52b4aefc9aedc7f2962618410cb2910a)] -> xpath: //div[@class='form-group']//input[@placeholder='Last Name']]
2020-12-09 18:12:719 INFO       AddCustomerPage :58 - Send text to PostCode Field [[ChromeDriver: chrome on WINDOWS (52b4aefc9aedc7f2962618410cb2910a)] -> xpath: //div[@class='form-group']//input[@placeholder='Post Code']]
2020-12-09 18:12:941 INFO       AddCustomerPage :66 - Clicks on Add to Customer Button [[ChromeDriver: chrome on WINDOWS (52b4aefc9aedc7f2962618410cb2910a)] -> xpath: //button[@type='submit']]
2020-12-09 18:12:646 INFO       BankManagerLoginPage :31 - Clicks on Managers Login Button [[ChromeDriver: chrome on WINDOWS (93b9fbbedb11c4469b2fff2d3a226a49)] -> xpath: //button[contains(text(),'Bank Manager Login')]]
2020-12-09 18:12:889 INFO       AddCustomerPage :35 - Clicks on Add Customer Button [[ChromeDriver: chrome on WINDOWS (93b9fbbedb11c4469b2fff2d3a226a49)] -> xpath: //div[@class='center']//button[@ng-class='btnClass1']]
2020-12-09 18:12:186 INFO       AddCustomerPage :42 - Click on Add First Name Field [[ChromeDriver: chrome on WINDOWS (93b9fbbedb11c4469b2fff2d3a226a49)] -> xpath: //div[@class='form-group']//input[@placeholder='First Name']]
2020-12-09 18:12:394 INFO       AddCustomerPage :50 - Sends text to LastName Field [[ChromeDriver: chrome on WINDOWS (93b9fbbedb11c4469b2fff2d3a226a49)] -> xpath: //div[@class='form-group']//input[@placeholder='Last Name']]
2020-12-09 18:12:615 INFO       AddCustomerPage :58 - Send text to PostCode Field [[ChromeDriver: chrome on WINDOWS (93b9fbbedb11c4469b2fff2d3a226a49)] -> xpath: //div[@class='form-group']//input[@placeholder='Post Code']]
2020-12-09 18:12:974 INFO       AddCustomerPage :66 - Clicks on Add to Customer Button [[ChromeDriver: chrome on WINDOWS (93b9fbbedb11c4469b2fff2d3a226a49)] -> xpath: //button[@type='submit']]
2020-12-09 18:12:84 INFO       HomePage :33 - Clicks on Home Button [[ChromeDriver: chrome on WINDOWS (93b9fbbedb11c4469b2fff2d3a226a49)] -> xpath: //button[contains(text(),'Home')]]
2020-12-09 18:12:208 INFO       HomePage :41 - Click on Bank Manager Login Button [[ChromeDriver: chrome on WINDOWS (93b9fbbedb11c4469b2fff2d3a226a49)] -> xpath: //button[contains(text(),'Bank Manager Login')]]<br>
2020-12-09 18:12:311 INFO       OpenAccountPage :31 - Clicks on Open Account Button [[ChromeDriver: chrome on WINDOWS (93b9fbbedb11c4469b2fff2d3a226a49)] -> xpath: //div[@class='center']//button[@ng-class='btnClass2']]
2020-12-09 18:12:606 INFO       OpenAccountPage :38 - Selects Customer Name from Drop Down [[ChromeDriver: chrome on WINDOWS (93b9fbbedb11c4469b2fff2d3a226a49)] -> xpath: //select[@id='userSelect']]
2020-12-09 18:12:969 INFO       OpenAccountPage :46 - Selects Currency Drop Down
2020-12-09 18:12:159 INFO       OpenAccountPage :53 - Clicks on Process Button [[ChromeDriver: chrome on WINDOWS (93b9fbbedb11c4469b2fff2d3a226a49)] -> xpath: //button[contains(text(),'Process')]]
2020-12-09 19:12:978 INFO       BankManagerLoginPage :31 - Clicks on Managers Login Button [[ChromeDriver: chrome on WINDOWS (1045ec7e701ff77af25fd08f200ec45d)] -> xpath: //button[contains(text(),'Bank Manager Login')]]
2020-12-09 19:12:265 INFO       AddCustomerPage :35 - Clicks on Add Customer Button [[ChromeDriver: chrome on WINDOWS (1045ec7e701ff77af25fd08f200ec45d)] -> xpath: //div[@class='center']//button[@ng-class='btnClass1']]
2020-12-09 19:12:528 INFO       AddCustomerPage :42 - Click on Add First Name Field [[ChromeDriver: chrome on WINDOWS (1045ec7e701ff77af25fd08f200ec45d)] -> xpath: //div[@class='form-group']//input[@placeholder='First Name']]
2020-12-09 19:12:795 INFO       AddCustomerPage :50 - Sends text to LastName Field [[ChromeDriver: chrome on WINDOWS (1045ec7e701ff77af25fd08f200ec45d)] -> xpath: //div[@class='form-group']//input[@placeholder='Last Name']]
2020-12-09 19:12:993 INFO       AddCustomerPage :58 - Send text to PostCode Field [[ChromeDriver: chrome on WINDOWS (1045ec7e701ff77af25fd08f200ec45d)] -> xpath: //div[@class='form-group']//input[@placeholder='Post Code']]
2020-12-09 19:12:184 INFO       AddCustomerPage :66 - Clicks on Add to Customer Button [[ChromeDriver: chrome on WINDOWS (1045ec7e701ff77af25fd08f200ec45d)] -> xpath: //button[@type='submit']]
2020-12-09 19:12:731 INFO       BankManagerLoginPage :31 - Clicks on Managers Login Button [[ChromeDriver: chrome on WINDOWS (300748b8ed26f9d98ff8f20c557c272a)] -> xpath: //button[contains(text(),'Bank Manager Login')]]
2020-12-09 19:12:27 INFO       AddCustomerPage :35 - Clicks on Add Customer Button [[ChromeDriver: chrome on WINDOWS (300748b8ed26f9d98ff8f20c557c272a)] -> xpath: //div[@class='center']//button[@ng-class='btnClass1']]
2020-12-09 19:12:259 INFO       AddCustomerPage :42 - Click on Add First Name Field [[ChromeDriver: chrome on WINDOWS (300748b8ed26f9d98ff8f20c557c272a)] -> xpath: //div[@class='form-group']//input[@placeholder='First Name']]
2020-12-09 19:12:463 INFO       AddCustomerPage :50 - Sends text to LastName Field [[ChromeDriver: chrome on WINDOWS (300748b8ed26f9d98ff8f20c557c272a)] -> xpath: //div[@class='form-group']//input[@placeholder='Last Name']]
2020-12-09 19:12:651 INFO       AddCustomerPage :58 - Send text to PostCode Field [[ChromeDriver: chrome on WINDOWS (300748b8ed26f9d98ff8f20c557c272a)] -> xpath: //div[@class='form-group']//input[@placeholder='Post Code']]
2020-12-09 19:12:849 INFO       AddCustomerPage :66 - Clicks on Add to Customer Button [[ChromeDriver: chrome on WINDOWS (300748b8ed26f9d98ff8f20c557c272a)] -> xpath: //button[@type='submit']]
2020-12-09 19:12:156 INFO       HomePage :33 - Clicks on Home Button [[ChromeDriver: chrome on WINDOWS (300748b8ed26f9d98ff8f20c557c272a)] -> xpath: //button[contains(text(),'Home')]]
2020-12-09 19:12:251 INFO       HomePage :41 - Click on Bank Manager Login Button [[ChromeDriver: chrome on WINDOWS (300748b8ed26f9d98ff8f20c557c272a)] -> xpath: //button[contains(text(),'Bank Manager Login')]]<br>
2020-12-09 19:12:367 INFO       OpenAccountPage :31 - Clicks on Open Account Button [[ChromeDriver: chrome on WINDOWS (300748b8ed26f9d98ff8f20c557c272a)] -> xpath: //div[@class='center']//button[@ng-class='btnClass2']]
2020-12-09 19:12:662 INFO       OpenAccountPage :38 - Selects Customer Name from Drop Down [[ChromeDriver: chrome on WINDOWS (300748b8ed26f9d98ff8f20c557c272a)] -> xpath: //select[@id='userSelect']]
2020-12-09 19:12:17 INFO       OpenAccountPage :46 - Selects Currency Drop Down
2020-12-09 19:12:193 INFO       OpenAccountPage :53 - Clicks on Process Button [[ChromeDriver: chrome on WINDOWS (300748b8ed26f9d98ff8f20c557c272a)] -> xpath: //button[contains(text(),'Process')]]
2020-12-09 19:12:706 INFO       BankManagerLoginPage :31 - Clicks on Managers Login Button [[ChromeDriver: chrome on WINDOWS (af6927168004eab40e84052d13e623b1)] -> xpath: //button[contains(text(),'Bank Manager Login')]]
2020-12-09 19:12:937 INFO       AddCustomerPage :35 - Clicks on Add Customer Button [[ChromeDriver: chrome on WINDOWS (af6927168004eab40e84052d13e623b1)] -> xpath: //div[@class='center']//button[@ng-class='btnClass1']]
2020-12-09 19:12:163 INFO       AddCustomerPage :42 - Click on Add First Name Field [[ChromeDriver: chrome on WINDOWS (af6927168004eab40e84052d13e623b1)] -> xpath: //div[@class='form-group']//input[@placeholder='First Name']]
2020-12-09 19:12:425 INFO       AddCustomerPage :50 - Sends text to LastName Field [[ChromeDriver: chrome on WINDOWS (af6927168004eab40e84052d13e623b1)] -> xpath: //div[@class='form-group']//input[@placeholder='Last Name']]
2020-12-09 19:12:625 INFO       AddCustomerPage :58 - Send text to PostCode Field [[ChromeDriver: chrome on WINDOWS (af6927168004eab40e84052d13e623b1)] -> xpath: //div[@class='form-group']//input[@placeholder='Post Code']]
2020-12-09 19:12:820 INFO       AddCustomerPage :66 - Clicks on Add to Customer Button [[ChromeDriver: chrome on WINDOWS (af6927168004eab40e84052d13e623b1)] -> xpath: //button[@type='submit']]
2020-12-09 19:12:922 INFO       HomePage :33 - Clicks on Home Button [[ChromeDriver: chrome on WINDOWS (af6927168004eab40e84052d13e623b1)] -> xpath: //button[contains(text(),'Home')]]
2020-12-09 19:12:41 INFO       HomePage :41 - Click on Bank Manager Login Button [[ChromeDriver: chrome on WINDOWS (af6927168004eab40e84052d13e623b1)] -> xpath: //button[contains(text(),'Bank Manager Login')]]<br>
2020-12-09 19:12:164 INFO       OpenAccountPage :31 - Clicks on Open Account Button [[ChromeDriver: chrome on WINDOWS (af6927168004eab40e84052d13e623b1)] -> xpath: //div[@class='center']//button[@ng-class='btnClass2']]
2020-12-09 19:12:403 INFO       OpenAccountPage :38 - Selects Customer Name from Drop Down [[ChromeDriver: chrome on WINDOWS (af6927168004eab40e84052d13e623b1)] -> xpath: //select[@id='userSelect']]
2020-12-09 19:12:732 INFO       OpenAccountPage :46 - Selects Currency Drop Down
2020-12-09 19:12:896 INFO       OpenAccountPage :53 - Clicks on Process Button [[ChromeDriver: chrome on WINDOWS (af6927168004eab40e84052d13e623b1)] -> xpath: //button[contains(text(),'Process')]]
2020-12-09 19:12:42 INFO       HomePage :27 - Click on Customer Login Button [[ChromeDriver: chrome on WINDOWS (af6927168004eab40e84052d13e623b1)] -> xpath: //button[contains(text(),'Customer Login')]]
2020-12-09 19:12:308 INFO       OpenAccountPage :38 - Selects Customer Name from Drop Down [[ChromeDriver: chrome on WINDOWS (af6927168004eab40e84052d13e623b1)] -> xpath: //select[@id='userSelect']]
2020-12-09 19:12:789 INFO       BankManagerLoginPage :31 - Clicks on Managers Login Button [[ChromeDriver: chrome on WINDOWS (2daf7ef9879dc2270565d24d63c55bb5)] -> xpath: //button[contains(text(),'Bank Manager Login')]]
2020-12-09 19:12:08 INFO       AddCustomerPage :35 - Clicks on Add Customer Button [[ChromeDriver: chrome on WINDOWS (2daf7ef9879dc2270565d24d63c55bb5)] -> xpath: //div[@class='center']//button[@ng-class='btnClass1']]
2020-12-09 19:12:245 INFO       AddCustomerPage :42 - Click on Add First Name Field [[ChromeDriver: chrome on WINDOWS (2daf7ef9879dc2270565d24d63c55bb5)] -> xpath: //div[@class='form-group']//input[@placeholder='First Name']]
2020-12-09 19:12:395 INFO       AddCustomerPage :50 - Sends text to LastName Field [[ChromeDriver: chrome on WINDOWS (2daf7ef9879dc2270565d24d63c55bb5)] -> xpath: //div[@class='form-group']//input[@placeholder='Last Name']]
2020-12-09 19:12:555 INFO       AddCustomerPage :58 - Send text to PostCode Field [[ChromeDriver: chrome on WINDOWS (2daf7ef9879dc2270565d24d63c55bb5)] -> xpath: //div[@class='form-group']//input[@placeholder='Post Code']]
2020-12-09 19:12:792 INFO       AddCustomerPage :66 - Clicks on Add to Customer Button [[ChromeDriver: chrome on WINDOWS (2daf7ef9879dc2270565d24d63c55bb5)] -> xpath: //button[@type='submit']]
2020-12-09 19:12:973 INFO       HomePage :27 - Click on Customer Login Button [[ChromeDriver: chrome on WINDOWS (2daf7ef9879dc2270565d24d63c55bb5)] -> xpath: //button[contains(text(),'Customer Login')]]
2020-12-09 19:12:241 INFO       OpenAccountPage :38 - Selects Customer Name from Drop Down [[ChromeDriver: chrome on WINDOWS (2daf7ef9879dc2270565d24d63c55bb5)] -> xpath: //select[@id='userSelect']]
2020-12-09 19:12:696 INFO       BankManagerLoginPage :31 - Clicks on Managers Login Button [[ChromeDriver: chrome on WINDOWS (9d9a1f77c18f584e71daed2cced32b0d)] -> xpath: //button[contains(text(),'Bank Manager Login')]]
2020-12-09 19:12:959 INFO       AddCustomerPage :35 - Clicks on Add Customer Button [[ChromeDriver: chrome on WINDOWS (9d9a1f77c18f584e71daed2cced32b0d)] -> xpath: //div[@class='center']//button[@ng-class='btnClass1']]
2020-12-09 19:12:253 INFO       AddCustomerPage :42 - Click on Add First Name Field [[ChromeDriver: chrome on WINDOWS (9d9a1f77c18f584e71daed2cced32b0d)] -> xpath: //div[@class='form-group']//input[@placeholder='First Name']]
2020-12-09 19:12:473 INFO       AddCustomerPage :50 - Sends text to LastName Field [[ChromeDriver: chrome on WINDOWS (9d9a1f77c18f584e71daed2cced32b0d)] -> xpath: //div[@class='form-group']//input[@placeholder='Last Name']]
2020-12-09 19:12:676 INFO       AddCustomerPage :58 - Send text to PostCode Field [[ChromeDriver: chrome on WINDOWS (9d9a1f77c18f584e71daed2cced32b0d)] -> xpath: //div[@class='form-group']//input[@placeholder='Post Code']]
2020-12-09 19:12:887 INFO       AddCustomerPage :66 - Clicks on Add to Customer Button [[ChromeDriver: chrome on WINDOWS (9d9a1f77c18f584e71daed2cced32b0d)] -> xpath: //button[@type='submit']]
2020-12-09 19:12:133 INFO       HomePage :33 - Clicks on Home Button [[ChromeDriver: chrome on WINDOWS (9d9a1f77c18f584e71daed2cced32b0d)] -> xpath: //button[contains(text(),'Home')]]
2020-12-09 19:12:237 INFO       HomePage :41 - Click on Bank Manager Login Button [[ChromeDriver: chrome on WINDOWS (9d9a1f77c18f584e71daed2cced32b0d)] -> xpath: //button[contains(text(),'Bank Manager Login')]]<br>
2020-12-09 19:12:351 INFO       OpenAccountPage :31 - Clicks on Open Account Button [[ChromeDriver: chrome on WINDOWS (9d9a1f77c18f584e71daed2cced32b0d)] -> xpath: //div[@class='center']//button[@ng-class='btnClass2']]
2020-12-09 19:12:581 INFO       OpenAccountPage :38 - Selects Customer Name from Drop Down [[ChromeDriver: chrome on WINDOWS (9d9a1f77c18f584e71daed2cced32b0d)] -> xpath: //select[@id='userSelect']]
2020-12-09 19:12:901 INFO       OpenAccountPage :46 - Selects Currency Drop Down
2020-12-09 19:12:120 INFO       OpenAccountPage :53 - Clicks on Process Button [[ChromeDriver: chrome on WINDOWS (9d9a1f77c18f584e71daed2cced32b0d)] -> xpath: //button[contains(text(),'Process')]]
2020-12-09 19:12:266 INFO       HomePage :27 - Click on Customer Login Button [[ChromeDriver: chrome on WINDOWS (9d9a1f77c18f584e71daed2cced32b0d)] -> xpath: //button[contains(text(),'Customer Login')]]
2020-12-09 19:12:503 INFO       OpenAccountPage :38 - Selects Customer Name from Drop Down [[ChromeDriver: chrome on WINDOWS (9d9a1f77c18f584e71daed2cced32b0d)] -> xpath: //select[@id='userSelect']]
2020-12-09 19:12:861 INFO       BankManagerLoginPage :31 - Clicks on Managers Login Button [[ChromeDriver: chrome on WINDOWS (f7d8cc96b531a2f3602592b4bbd610b7)] -> xpath: //button[contains(text(),'Bank Manager Login')]]
2020-12-09 19:12:119 INFO       AddCustomerPage :35 - Clicks on Add Customer Button [[ChromeDriver: chrome on WINDOWS (f7d8cc96b531a2f3602592b4bbd610b7)] -> xpath: //div[@class='center']//button[@ng-class='btnClass1']]
2020-12-09 19:12:350 INFO       AddCustomerPage :42 - Click on Add First Name Field [[ChromeDriver: chrome on WINDOWS (f7d8cc96b531a2f3602592b4bbd610b7)] -> xpath: //div[@class='form-group']//input[@placeholder='First Name']]
2020-12-09 19:12:570 INFO       AddCustomerPage :50 - Sends text to LastName Field [[ChromeDriver: chrome on WINDOWS (f7d8cc96b531a2f3602592b4bbd610b7)] -> xpath: //div[@class='form-group']//input[@placeholder='Last Name']]
2020-12-09 19:12:754 INFO       AddCustomerPage :58 - Send text to PostCode Field [[ChromeDriver: chrome on WINDOWS (f7d8cc96b531a2f3602592b4bbd610b7)] -> xpath: //div[@class='form-group']//input[@placeholder='Post Code']]
2020-12-09 19:12:85 INFO       AddCustomerPage :66 - Clicks on Add to Customer Button [[ChromeDriver: chrome on WINDOWS (f7d8cc96b531a2f3602592b4bbd610b7)] -> xpath: //button[@type='submit']]
2020-12-09 19:12:689 INFO       BankManagerLoginPage :31 - Clicks on Managers Login Button [[ChromeDriver: chrome on WINDOWS (53b7cee1d90420f6afcdc5df912b0d42)] -> xpath: //button[contains(text(),'Bank Manager Login')]]
2020-12-09 19:12:972 INFO       AddCustomerPage :35 - Clicks on Add Customer Button [[ChromeDriver: chrome on WINDOWS (53b7cee1d90420f6afcdc5df912b0d42)] -> xpath: //div[@class='center']//button[@ng-class='btnClass1']]
2020-12-09 19:12:242 INFO       AddCustomerPage :42 - Click on Add First Name Field [[ChromeDriver: chrome on WINDOWS (53b7cee1d90420f6afcdc5df912b0d42)] -> xpath: //div[@class='form-group']//input[@placeholder='First Name']]
2020-12-09 19:12:447 INFO       AddCustomerPage :50 - Sends text to LastName Field [[ChromeDriver: chrome on WINDOWS (53b7cee1d90420f6afcdc5df912b0d42)] -> xpath: //div[@class='form-group']//input[@placeholder='Last Name']]
2020-12-09 19:12:633 INFO       AddCustomerPage :58 - Send text to PostCode Field [[ChromeDriver: chrome on WINDOWS (53b7cee1d90420f6afcdc5df912b0d42)] -> xpath: //div[@class='form-group']//input[@placeholder='Post Code']]
2020-12-09 19:12:841 INFO       AddCustomerPage :66 - Clicks on Add to Customer Button [[ChromeDriver: chrome on WINDOWS (53b7cee1d90420f6afcdc5df912b0d42)] -> xpath: //button[@type='submit']]
2020-12-09 19:12:940 INFO       HomePage :33 - Clicks on Home Button [[ChromeDriver: chrome on WINDOWS (53b7cee1d90420f6afcdc5df912b0d42)] -> xpath: //button[contains(text(),'Home')]]
2020-12-09 19:12:79 INFO       HomePage :41 - Click on Bank Manager Login Button [[ChromeDriver: chrome on WINDOWS (53b7cee1d90420f6afcdc5df912b0d42)] -> xpath: //button[contains(text(),'Bank Manager Login')]]<br>
2020-12-09 19:12:172 INFO       OpenAccountPage :31 - Clicks on Open Account Button [[ChromeDriver: chrome on WINDOWS (53b7cee1d90420f6afcdc5df912b0d42)] -> xpath: //div[@class='center']//button[@ng-class='btnClass2']]
2020-12-09 19:12:415 INFO       OpenAccountPage :38 - Selects Customer Name from Drop Down [[ChromeDriver: chrome on WINDOWS (53b7cee1d90420f6afcdc5df912b0d42)] -> xpath: //select[@id='userSelect']]
2020-12-09 19:12:772 INFO       OpenAccountPage :46 - Selects Currency Drop Down
2020-12-09 19:12:954 INFO       OpenAccountPage :53 - Clicks on Process Button [[ChromeDriver: chrome on WINDOWS (53b7cee1d90420f6afcdc5df912b0d42)] -> xpath: //button[contains(text(),'Process')]]
2020-12-09 19:12:780 INFO       BankManagerLoginPage :31 - Clicks on Managers Login Button [[ChromeDriver: chrome on WINDOWS (6c7eeef218c48a07a61f358d47c56211)] -> xpath: //button[contains(text(),'Bank Manager Login')]]
2020-12-09 19:12:17 INFO       AddCustomerPage :35 - Clicks on Add Customer Button [[ChromeDriver: chrome on WINDOWS (6c7eeef218c48a07a61f358d47c56211)] -> xpath: //div[@class='center']//button[@ng-class='btnClass1']]
2020-12-09 19:12:276 INFO       AddCustomerPage :42 - Click on Add First Name Field [[ChromeDriver: chrome on WINDOWS (6c7eeef218c48a07a61f358d47c56211)] -> xpath: //div[@class='form-group']//input[@placeholder='First Name']]
2020-12-09 19:12:484 INFO       AddCustomerPage :50 - Sends text to LastName Field [[ChromeDriver: chrome on WINDOWS (6c7eeef218c48a07a61f358d47c56211)] -> xpath: //div[@class='form-group']//input[@placeholder='Last Name']]
2020-12-09 19:12:684 INFO       AddCustomerPage :58 - Send text to PostCode Field [[ChromeDriver: chrome on WINDOWS (6c7eeef218c48a07a61f358d47c56211)] -> xpath: //div[@class='form-group']//input[@placeholder='Post Code']]
2020-12-09 19:12:999 INFO       AddCustomerPage :66 - Clicks on Add to Customer Button [[ChromeDriver: chrome on WINDOWS (6c7eeef218c48a07a61f358d47c56211)] -> xpath: //button[@type='submit']]
2020-12-09 19:12:114 INFO       HomePage :33 - Clicks on Home Button [[ChromeDriver: chrome on WINDOWS (6c7eeef218c48a07a61f358d47c56211)] -> xpath: //button[contains(text(),'Home')]]
2020-12-09 19:12:216 INFO       HomePage :41 - Click on Bank Manager Login Button [[ChromeDriver: chrome on WINDOWS (6c7eeef218c48a07a61f358d47c56211)] -> xpath: //button[contains(text(),'Bank Manager Login')]]<br>
2020-12-09 19:12:322 INFO       OpenAccountPage :31 - Clicks on Open Account Button [[ChromeDriver: chrome on WINDOWS (6c7eeef218c48a07a61f358d47c56211)] -> xpath: //div[@class='center']//button[@ng-class='btnClass2']]
2020-12-09 19:12:589 INFO       OpenAccountPage :38 - Selects Customer Name from Drop Down [[ChromeDriver: chrome on WINDOWS (6c7eeef218c48a07a61f358d47c56211)] -> xpath: //select[@id='userSelect']]
2020-12-09 19:12:946 INFO       OpenAccountPage :46 - Selects Currency Drop Down
2020-12-09 19:12:148 INFO       OpenAccountPage :53 - Clicks on Process Button [[ChromeDriver: chrome on WINDOWS (6c7eeef218c48a07a61f358d47c56211)] -> xpath: //button[contains(text(),'Process')]]
2020-12-09 19:12:311 INFO       HomePage :27 - Click on Customer Login Button [[ChromeDriver: chrome on WINDOWS (6c7eeef218c48a07a61f358d47c56211)] -> xpath: //button[contains(text(),'Customer Login')]]
2020-12-09 19:12:578 INFO       OpenAccountPage :38 - Selects Customer Name from Drop Down [[ChromeDriver: chrome on WINDOWS (6c7eeef218c48a07a61f358d47c56211)] -> xpath: //select[@id='userSelect']]
2020-12-09 19:12:987 INFO       BankManagerLoginPage :31 - Clicks on Managers Login Button [[ChromeDriver: chrome on WINDOWS (40ba6e3612fbc7e39e546548153281a9)] -> xpath: //button[contains(text(),'Bank Manager Login')]]
2020-12-09 19:12:239 INFO       AddCustomerPage :35 - Clicks on Add Customer Button [[ChromeDriver: chrome on WINDOWS (40ba6e3612fbc7e39e546548153281a9)] -> xpath: //div[@class='center']//button[@ng-class='btnClass1']]
2020-12-09 19:12:589 INFO       AddCustomerPage :42 - Click on Add First Name Field [[ChromeDriver: chrome on WINDOWS (40ba6e3612fbc7e39e546548153281a9)] -> xpath: //div[@class='form-group']//input[@placeholder='First Name']]
2020-12-09 19:12:811 INFO       AddCustomerPage :50 - Sends text to LastName Field [[ChromeDriver: chrome on WINDOWS (40ba6e3612fbc7e39e546548153281a9)] -> xpath: //div[@class='form-group']//input[@placeholder='Last Name']]
2020-12-09 19:12:969 INFO       AddCustomerPage :58 - Send text to PostCode Field [[ChromeDriver: chrome on WINDOWS (40ba6e3612fbc7e39e546548153281a9)] -> xpath: //div[@class='form-group']//input[@placeholder='Post Code']]
2020-12-09 19:12:172 INFO       AddCustomerPage :66 - Clicks on Add to Customer Button [[ChromeDriver: chrome on WINDOWS (40ba6e3612fbc7e39e546548153281a9)] -> xpath: //button[@type='submit']]
2020-12-09 19:12:339 INFO       HomePage :27 - Click on Customer Login Button [[ChromeDriver: chrome on WINDOWS (40ba6e3612fbc7e39e546548153281a9)] -> xpath: //button[contains(text(),'Customer Login')]]
2020-12-09 19:12:549 INFO       OpenAccountPage :38 - Selects Customer Name from Drop Down [[ChromeDriver: chrome on WINDOWS (40ba6e3612fbc7e39e546548153281a9)] -> xpath: //select[@id='userSelect']]
2020-12-09 19:12:731 INFO       BankManagerLoginPage :31 - Clicks on Managers Login Button [[ChromeDriver: chrome on WINDOWS (a556fd4be6bf111175808dbc5bbcee0c)] -> xpath: //button[contains(text(),'Bank Manager Login')]]
2020-12-09 19:12:984 INFO       AddCustomerPage :35 - Clicks on Add Customer Button [[ChromeDriver: chrome on WINDOWS (a556fd4be6bf111175808dbc5bbcee0c)] -> xpath: //div[@class='center']//button[@ng-class='btnClass1']]
2020-12-09 19:12:205 INFO       AddCustomerPage :42 - Click on Add First Name Field [[ChromeDriver: chrome on WINDOWS (a556fd4be6bf111175808dbc5bbcee0c)] -> xpath: //div[@class='form-group']//input[@placeholder='First Name']]
2020-12-09 19:12:418 INFO       AddCustomerPage :50 - Sends text to LastName Field [[ChromeDriver: chrome on WINDOWS (a556fd4be6bf111175808dbc5bbcee0c)] -> xpath: //div[@class='form-group']//input[@placeholder='Last Name']]
2020-12-09 19:12:617 INFO       AddCustomerPage :58 - Send text to PostCode Field [[ChromeDriver: chrome on WINDOWS (a556fd4be6bf111175808dbc5bbcee0c)] -> xpath: //div[@class='form-group']//input[@placeholder='Post Code']]
2020-12-09 19:12:820 INFO       AddCustomerPage :66 - Clicks on Add to Customer Button [[ChromeDriver: chrome on WINDOWS (a556fd4be6bf111175808dbc5bbcee0c)] -> xpath: //button[@type='submit']]
2020-12-09 19:12:113 INFO       HomePage :33 - Clicks on Home Button [[ChromeDriver: chrome on WINDOWS (a556fd4be6bf111175808dbc5bbcee0c)] -> xpath: //button[contains(text(),'Home')]]
2020-12-09 19:12:246 INFO       HomePage :41 - Click on Bank Manager Login Button [[ChromeDriver: chrome on WINDOWS (a556fd4be6bf111175808dbc5bbcee0c)] -> xpath: //button[contains(text(),'Bank Manager Login')]]<br>
2020-12-09 19:12:350 INFO       OpenAccountPage :31 - Clicks on Open Account Button [[ChromeDriver: chrome on WINDOWS (a556fd4be6bf111175808dbc5bbcee0c)] -> xpath: //div[@class='center']//button[@ng-class='btnClass2']]
2020-12-09 19:12:659 INFO       OpenAccountPage :38 - Selects Customer Name from Drop Down [[ChromeDriver: chrome on WINDOWS (a556fd4be6bf111175808dbc5bbcee0c)] -> xpath: //select[@id='userSelect']]
2020-12-09 19:12:943 INFO       OpenAccountPage :46 - Selects Currency Drop Down
2020-12-09 19:12:162 INFO       OpenAccountPage :53 - Clicks on Process Button [[ChromeDriver: chrome on WINDOWS (a556fd4be6bf111175808dbc5bbcee0c)] -> xpath: //button[contains(text(),'Process')]]
2020-12-09 19:12:325 INFO       HomePage :27 - Click on Customer Login Button [[ChromeDriver: chrome on WINDOWS (a556fd4be6bf111175808dbc5bbcee0c)] -> xpath: //button[contains(text(),'Customer Login')]]
2020-12-09 19:12:579 INFO       OpenAccountPage :38 - Selects Customer Name from Drop Down [[ChromeDriver: chrome on WINDOWS (a556fd4be6bf111175808dbc5bbcee0c)] -> xpath: //select[@id='userSelect']]
