2020-12-09 22:12:236 INFO  BasePage :29 - Launching Chrome Browser
2020-12-09 22:12:889 INFO  BankManagerLoginPage :31 - Clicks on Managers Login Button [[ChromeDriver: chrome on WINDOWS (41b3f5f68d28d54a5fccc09cb0d6b136)] -> xpath: //button[contains(text(),'Bank Manager Login')]]
2020-12-09 22:12:162 INFO  AddCustomerPage :34 - Clicks on Add Customer Button [[ChromeDriver: chrome on WINDOWS (41b3f5f68d28d54a5fccc09cb0d6b136)] -> xpath: //div[@class='center']//button[@ng-class='btnClass1']]
2020-12-09 22:12:427 INFO  AddCustomerPage :41 - Click on Add First Name Field [[ChromeDriver: chrome on WINDOWS (41b3f5f68d28d54a5fccc09cb0d6b136)] -> xpath: //div[@class='form-group']//input[@placeholder='First Name']]
2020-12-09 22:12:545 INFO  AddCustomerPage :49 - Sends text to LastName Field [[ChromeDriver: chrome on WINDOWS (41b3f5f68d28d54a5fccc09cb0d6b136)] -> xpath: //div[@class='form-group']//input[@placeholder='Last Name']]
2020-12-09 22:12:684 INFO  AddCustomerPage :57 - Send text to PostCode Field [[ChromeDriver: chrome on WINDOWS (41b3f5f68d28d54a5fccc09cb0d6b136)] -> xpath: //div[@class='form-group']//input[@placeholder='Post Code']]
2020-12-09 22:12:780 INFO  AddCustomerPage :65 - Clicks on Add to Customer Button [[ChromeDriver: chrome on WINDOWS (41b3f5f68d28d54a5fccc09cb0d6b136)] -> xpath: //button[@type='submit']]
2020-12-09 22:12:464 INFO  BasePage :29 - Launching Chrome Browser
2020-12-09 22:12:11 INFO  BankManagerLoginPage :31 - Clicks on Managers Login Button [[ChromeDriver: chrome on WINDOWS (a9be3656cc723bdcacaec068b418eee0)] -> xpath: //button[contains(text(),'Bank Manager Login')]]
2020-12-09 22:12:242 INFO  AddCustomerPage :34 - Clicks on Add Customer Button [[ChromeDriver: chrome on WINDOWS (a9be3656cc723bdcacaec068b418eee0)] -> xpath: //div[@class='center']//button[@ng-class='btnClass1']]
2020-12-09 22:12:463 INFO  AddCustomerPage :41 - Click on Add First Name Field [[ChromeDriver: chrome on WINDOWS (a9be3656cc723bdcacaec068b418eee0)] -> xpath: //div[@class='form-group']//input[@placeholder='First Name']]
2020-12-09 22:12:566 INFO  AddCustomerPage :49 - Sends text to LastName Field [[ChromeDriver: chrome on WINDOWS (a9be3656cc723bdcacaec068b418eee0)] -> xpath: //div[@class='form-group']//input[@placeholder='Last Name']]
2020-12-09 22:12:659 INFO  AddCustomerPage :57 - Send text to PostCode Field [[ChromeDriver: chrome on WINDOWS (a9be3656cc723bdcacaec068b418eee0)] -> xpath: //div[@class='form-group']//input[@placeholder='Post Code']]
2020-12-09 22:12:748 INFO  AddCustomerPage :65 - Clicks on Add to Customer Button [[ChromeDriver: chrome on WINDOWS (a9be3656cc723bdcacaec068b418eee0)] -> xpath: //button[@type='submit']]
2020-12-09 22:12:814 INFO  HomePage :32 - Clicks on Home Button [[ChromeDriver: chrome on WINDOWS (a9be3656cc723bdcacaec068b418eee0)] -> xpath: //button[contains(text(),'Home')]]
2020-12-09 22:12:881 INFO  HomePage :40 - Click on Bank Manager Login Button [[ChromeDriver: chrome on WINDOWS (a9be3656cc723bdcacaec068b418eee0)] -> xpath: //button[contains(text(),'Bank Manager Login')]]<br>
2020-12-09 22:12:932 INFO  OpenAccountPage :30 - Clicks on Open Account Button [[ChromeDriver: chrome on WINDOWS (a9be3656cc723bdcacaec068b418eee0)] -> xpath: //div[@class='center']//button[@ng-class='btnClass2']]
2020-12-09 22:12:160 INFO  OpenAccountPage :37 - Selects Customer Name from Drop Down [[ChromeDriver: chrome on WINDOWS (a9be3656cc723bdcacaec068b418eee0)] -> xpath: //select[@id='userSelect']]
2020-12-09 22:12:360 INFO  OpenAccountPage :45 - Selects Currency Drop Down
2020-12-09 22:12:492 INFO  OpenAccountPage :52 - Clicks on Process Button [[ChromeDriver: chrome on WINDOWS (a9be3656cc723bdcacaec068b418eee0)] -> xpath: //button[contains(text(),'Process')]]
2020-12-09 22:12:168 INFO  BasePage :29 - Launching Chrome Browser
2020-12-09 22:12:752 INFO  BankManagerLoginPage :31 - Clicks on Managers Login Button [[ChromeDriver: chrome on WINDOWS (5649fe85584bff08170c90bd15fb0642)] -> xpath: //button[contains(text(),'Bank Manager Login')]]
2020-12-09 22:12:949 INFO  AddCustomerPage :34 - Clicks on Add Customer Button [[ChromeDriver: chrome on WINDOWS (5649fe85584bff08170c90bd15fb0642)] -> xpath: //div[@class='center']//button[@ng-class='btnClass1']]
2020-12-09 22:12:170 INFO  AddCustomerPage :41 - Click on Add First Name Field [[ChromeDriver: chrome on WINDOWS (5649fe85584bff08170c90bd15fb0642)] -> xpath: //div[@class='form-group']//input[@placeholder='First Name']]
2020-12-09 22:12:280 INFO  AddCustomerPage :49 - Sends text to LastName Field [[ChromeDriver: chrome on WINDOWS (5649fe85584bff08170c90bd15fb0642)] -> xpath: //div[@class='form-group']//input[@placeholder='Last Name']]
2020-12-09 22:12:375 INFO  AddCustomerPage :57 - Send text to PostCode Field [[ChromeDriver: chrome on WINDOWS (5649fe85584bff08170c90bd15fb0642)] -> xpath: //div[@class='form-group']//input[@placeholder='Post Code']]
2020-12-09 22:12:473 INFO  AddCustomerPage :65 - Clicks on Add to Customer Button [[ChromeDriver: chrome on WINDOWS (5649fe85584bff08170c90bd15fb0642)] -> xpath: //button[@type='submit']]
2020-12-09 22:12:578 INFO  HomePage :26 - Click on Customer Login Button [[ChromeDriver: chrome on WINDOWS (5649fe85584bff08170c90bd15fb0642)] -> xpath: //button[contains(text(),'Customer Login')]]
2020-12-09 22:12:803 INFO  OpenAccountPage :37 - Selects Customer Name from Drop Down [[ChromeDriver: chrome on WINDOWS (5649fe85584bff08170c90bd15fb0642)] -> xpath: //select[@id='userSelect']]
2020-12-09 22:12:222 INFO  CustomersPage :53 - Verification of Logout Button [[ChromeDriver: chrome on WINDOWS (5649fe85584bff08170c90bd15fb0642)] -> xpath: //button[contains(text(),'Logout')]]
2020-12-09 22:12:234 INFO  CustomersPage :63 - Verifying Message name [[ChromeDriver: chrome on WINDOWS (5649fe85584bff08170c90bd15fb0642)] -> xpath: //label[contains(text(),'Your Name :')]]
2020-12-09 22:12:272 INFO  CustomersPage :58 - Verification of Logout Button [[ChromeDriver: chrome on WINDOWS (5649fe85584bff08170c90bd15fb0642)] -> xpath: //button[contains(text(),'Home')]]
2020-12-09 22:12:904 INFO  BasePage :29 - Launching Chrome Browser
2020-12-09 22:12:767 INFO  BankManagerLoginPage :31 - Clicks on Managers Login Button [[ChromeDriver: chrome on WINDOWS (ed8151380cd1f4bf644594bebb468e51)] -> xpath: //button[contains(text(),'Bank Manager Login')]]
2020-12-09 22:12:11 INFO  AddCustomerPage :34 - Clicks on Add Customer Button [[ChromeDriver: chrome on WINDOWS (ed8151380cd1f4bf644594bebb468e51)] -> xpath: //div[@class='center']//button[@ng-class='btnClass1']]
2020-12-09 22:12:230 INFO  AddCustomerPage :41 - Click on Add First Name Field [[ChromeDriver: chrome on WINDOWS (ed8151380cd1f4bf644594bebb468e51)] -> xpath: //div[@class='form-group']//input[@placeholder='First Name']]
2020-12-09 22:12:327 INFO  AddCustomerPage :49 - Sends text to LastName Field [[ChromeDriver: chrome on WINDOWS (ed8151380cd1f4bf644594bebb468e51)] -> xpath: //div[@class='form-group']//input[@placeholder='Last Name']]
2020-12-09 22:12:410 INFO  AddCustomerPage :57 - Send text to PostCode Field [[ChromeDriver: chrome on WINDOWS (ed8151380cd1f4bf644594bebb468e51)] -> xpath: //div[@class='form-group']//input[@placeholder='Post Code']]
2020-12-09 22:12:505 INFO  AddCustomerPage :65 - Clicks on Add to Customer Button [[ChromeDriver: chrome on WINDOWS (ed8151380cd1f4bf644594bebb468e51)] -> xpath: //button[@type='submit']]
2020-12-09 22:12:560 INFO  HomePage :32 - Clicks on Home Button [[ChromeDriver: chrome on WINDOWS (ed8151380cd1f4bf644594bebb468e51)] -> xpath: //button[contains(text(),'Home')]]
2020-12-09 22:12:675 INFO  HomePage :40 - Click on Bank Manager Login Button [[ChromeDriver: chrome on WINDOWS (ed8151380cd1f4bf644594bebb468e51)] -> xpath: //button[contains(text(),'Bank Manager Login')]]<br>
2020-12-09 22:12:722 INFO  OpenAccountPage :30 - Clicks on Open Account Button [[ChromeDriver: chrome on WINDOWS (ed8151380cd1f4bf644594bebb468e51)] -> xpath: //div[@class='center']//button[@ng-class='btnClass2']]
2020-12-09 22:12:981 INFO  OpenAccountPage :37 - Selects Customer Name from Drop Down [[ChromeDriver: chrome on WINDOWS (ed8151380cd1f4bf644594bebb468e51)] -> xpath: //select[@id='userSelect']]
2020-12-09 22:12:229 INFO  OpenAccountPage :45 - Selects Currency Drop Down
2020-12-09 22:12:435 INFO  OpenAccountPage :52 - Clicks on Process Button [[ChromeDriver: chrome on WINDOWS (ed8151380cd1f4bf644594bebb468e51)] -> xpath: //button[contains(text(),'Process')]]
2020-12-09 22:12:572 INFO  HomePage :26 - Click on Customer Login Button [[ChromeDriver: chrome on WINDOWS (ed8151380cd1f4bf644594bebb468e51)] -> xpath: //button[contains(text(),'Customer Login')]]
2020-12-09 22:12:802 INFO  OpenAccountPage :37 - Selects Customer Name from Drop Down [[ChromeDriver: chrome on WINDOWS (ed8151380cd1f4bf644594bebb468e51)] -> xpath: //select[@id='userSelect']]
2020-12-09 22:12:185 INFO  AccountPage :43 - Click on Deposit [[ChromeDriver: chrome on WINDOWS (ed8151380cd1f4bf644594bebb468e51)] -> xpath: //button[2][contains(text(),'Deposit')]]
2020-12-09 22:12:400 INFO  AccountPage :50 - Deposit Money [[ChromeDriver: chrome on WINDOWS (ed8151380cd1f4bf644594bebb468e51)] -> xpath: //div[@class='form-group']/input]
2020-12-09 22:12:461 INFO  AccountPage :56 - Click on deposit[[ChromeDriver: chrome on WINDOWS (ed8151380cd1f4bf644594bebb468e51)] -> xpath: //form[@name='myForm']/button]
2020-12-09 22:12:514 INFO  AccountPage :62 - Get Message to verify [[ChromeDriver: chrome on WINDOWS (ed8151380cd1f4bf644594bebb468e51)] -> xpath: //span[contains(text(),'Deposit Successful')]]
2020-12-09 22:12:152 INFO  BasePage :29 - Launching Chrome Browser
2020-12-09 22:12:744 INFO  BankManagerLoginPage :31 - Clicks on Managers Login Button [[ChromeDriver: chrome on WINDOWS (10a4444ec7e60c05d9e7167ba6d323ad)] -> xpath: //button[contains(text(),'Bank Manager Login')]]
2020-12-09 22:12:970 INFO  AddCustomerPage :34 - Clicks on Add Customer Button [[ChromeDriver: chrome on WINDOWS (10a4444ec7e60c05d9e7167ba6d323ad)] -> xpath: //div[@class='center']//button[@ng-class='btnClass1']]
2020-12-09 22:12:185 INFO  AddCustomerPage :41 - Click on Add First Name Field [[ChromeDriver: chrome on WINDOWS (10a4444ec7e60c05d9e7167ba6d323ad)] -> xpath: //div[@class='form-group']//input[@placeholder='First Name']]
2020-12-09 22:12:305 INFO  AddCustomerPage :49 - Sends text to LastName Field [[ChromeDriver: chrome on WINDOWS (10a4444ec7e60c05d9e7167ba6d323ad)] -> xpath: //div[@class='form-group']//input[@placeholder='Last Name']]
2020-12-09 22:12:414 INFO  AddCustomerPage :57 - Send text to PostCode Field [[ChromeDriver: chrome on WINDOWS (10a4444ec7e60c05d9e7167ba6d323ad)] -> xpath: //div[@class='form-group']//input[@placeholder='Post Code']]
2020-12-09 22:12:513 INFO  AddCustomerPage :65 - Clicks on Add to Customer Button [[ChromeDriver: chrome on WINDOWS (10a4444ec7e60c05d9e7167ba6d323ad)] -> xpath: //button[@type='submit']]
2020-12-09 22:12:569 INFO  HomePage :32 - Clicks on Home Button [[ChromeDriver: chrome on WINDOWS (10a4444ec7e60c05d9e7167ba6d323ad)] -> xpath: //button[contains(text(),'Home')]]
2020-12-09 22:12:686 INFO  HomePage :40 - Click on Bank Manager Login Button [[ChromeDriver: chrome on WINDOWS (10a4444ec7e60c05d9e7167ba6d323ad)] -> xpath: //button[contains(text(),'Bank Manager Login')]]<br>
2020-12-09 22:12:739 INFO  OpenAccountPage :30 - Clicks on Open Account Button [[ChromeDriver: chrome on WINDOWS (10a4444ec7e60c05d9e7167ba6d323ad)] -> xpath: //div[@class='center']//button[@ng-class='btnClass2']]
2020-12-09 22:12:968 INFO  OpenAccountPage :37 - Selects Customer Name from Drop Down [[ChromeDriver: chrome on WINDOWS (10a4444ec7e60c05d9e7167ba6d323ad)] -> xpath: //select[@id='userSelect']]
2020-12-09 22:12:129 INFO  OpenAccountPage :45 - Selects Currency Drop Down
2020-12-09 22:12:240 INFO  OpenAccountPage :52 - Clicks on Process Button [[ChromeDriver: chrome on WINDOWS (10a4444ec7e60c05d9e7167ba6d323ad)] -> xpath: //button[contains(text(),'Process')]]
2020-12-09 22:12:321 INFO  HomePage :26 - Click on Customer Login Button [[ChromeDriver: chrome on WINDOWS (10a4444ec7e60c05d9e7167ba6d323ad)] -> xpath: //button[contains(text(),'Customer Login')]]
2020-12-09 22:12:540 INFO  OpenAccountPage :37 - Selects Customer Name from Drop Down [[ChromeDriver: chrome on WINDOWS (10a4444ec7e60c05d9e7167ba6d323ad)] -> xpath: //select[@id='userSelect']]
2020-12-09 22:12:946 INFO  AccountPage :43 - Click on Deposit [[ChromeDriver: chrome on WINDOWS (10a4444ec7e60c05d9e7167ba6d323ad)] -> xpath: //button[2][contains(text(),'Deposit')]]
2020-12-09 22:12:193 INFO  AccountPage :50 - Deposit Money [[ChromeDriver: chrome on WINDOWS (10a4444ec7e60c05d9e7167ba6d323ad)] -> xpath: //div[@class='form-group']/input]
2020-12-09 22:12:286 INFO  AccountPage :56 - Click on deposit[[ChromeDriver: chrome on WINDOWS (10a4444ec7e60c05d9e7167ba6d323ad)] -> xpath: //form[@name='myForm']/button]
2020-12-09 22:12:383 INFO  HomePage :26 - Click on Customer Login Button [[ChromeDriver: chrome on WINDOWS (10a4444ec7e60c05d9e7167ba6d323ad)] -> xpath: //button[contains(text(),'Customer Login')]]
2020-12-09 22:12:429 INFO  OpenAccountPage :37 - Selects Customer Name from Drop Down [[ChromeDriver: chrome on WINDOWS (10a4444ec7e60c05d9e7167ba6d323ad)] -> xpath: //select[@id='userSelect']]
2020-12-09 22:12:644 INFO  AccountPage :74 - clicking on Withdrawal Button [[ChromeDriver: chrome on WINDOWS (10a4444ec7e60c05d9e7167ba6d323ad)] -> xpath: //button[3][contains(text(),'Withdraw')]]
2020-12-09 22:12:855 INFO  AccountPage :81 - Enter Withdrawal Amount [[ChromeDriver: chrome on WINDOWS (10a4444ec7e60c05d9e7167ba6d323ad)] -> xpath: //div[@class='form-group']/input]
2020-12-09 22:12:912 INFO  AccountPage :86 - Clicking on Withdrawal [[ChromeDriver: chrome on WINDOWS (10a4444ec7e60c05d9e7167ba6d323ad)] -> xpath: //form[@name='myForm']/button]
2020-12-09 22:12:967 INFO  AccountPage :67 - Get Message to verify [[ChromeDriver: chrome on WINDOWS (10a4444ec7e60c05d9e7167ba6d323ad)] -> xpath: //span[contains(text(),'Transaction successful')]]
